2022-05-10 13:07:36 - c.company.KunUzRepetitionApplication - [34mINFO [0;39m - Starting KunUzRepetitionApplication using Java 18 on DESKTOP-OGCJ8KA with PID 3248 (F:\java\kun_uz_repetition\target\classes started by NURKEN in F:\java\kun_uz_repetition)
2022-05-10 13:07:36 - c.company.KunUzRepetitionApplication - [39mDEBUG[0;39m - Running with Spring Boot v2.6.7, Spring v5.3.19
2022-05-10 13:07:36 - c.company.KunUzRepetitionApplication - [34mINFO [0;39m - The following 1 profile is active: "dev"
2022-05-10 13:07:37 - o.s.d.r.c.RepositoryConfigurationDelegate - [34mINFO [0;39m - Bootstrapping Spring Data JPA repositories in DEFAULT mode.
2022-05-10 13:07:37 - o.s.d.r.c.RepositoryConfigurationDelegate - [34mINFO [0;39m - Finished Spring Data repository scanning in 160 ms. Found 10 JPA repository interfaces.
2022-05-10 13:07:38 - o.s.b.w.e.tomcat.TomcatWebServer - [34mINFO [0;39m - Tomcat initialized with port(s): 8080 (http)
2022-05-10 13:07:38 - o.a.catalina.core.StandardService - [34mINFO [0;39m - Starting service [Tomcat]
2022-05-10 13:07:38 - o.a.catalina.core.StandardEngine - [34mINFO [0;39m - Starting Servlet engine: [Apache Tomcat/9.0.62]
2022-05-10 13:07:38 - o.a.c.c.C.[Tomcat].[localhost].[/] - [34mINFO [0;39m - Initializing Spring embedded WebApplicationContext
2022-05-10 13:07:38 - o.s.b.w.s.c.ServletWebServerApplicationContext - [34mINFO [0;39m - Root WebApplicationContext: initialization completed in 2225 ms
2022-05-10 13:07:38 - com.company.config.JwtFilter - [39mDEBUG[0;39m - Filter 'jwtFilter' configured for use
2022-05-10 13:07:38 - o.h.jpa.internal.util.LogHelper - [34mINFO [0;39m - HHH000204: Processing PersistenceUnitInfo [name: default]
2022-05-10 13:07:38 - org.hibernate.Version - [34mINFO [0;39m - HHH000412: Hibernate ORM core version 5.6.8.Final
2022-05-10 13:07:38 - o.h.annotations.common.Version - [34mINFO [0;39m - HCANN000001: Hibernate Commons Annotations {5.1.2.Final}
2022-05-10 13:07:39 - com.zaxxer.hikari.HikariDataSource - [34mINFO [0;39m - HikariPool-1 - Starting...
2022-05-10 13:07:39 - com.zaxxer.hikari.HikariDataSource - [34mINFO [0;39m - HikariPool-1 - Start completed.
2022-05-10 13:07:39 - org.hibernate.dialect.Dialect - [34mINFO [0;39m - HHH000400: Using dialect: org.hibernate.dialect.PostgreSQL10Dialect
2022-05-10 13:07:39 - Hibernate Types - [34mINFO [0;39m - This framework is proudly powered by:

>>>>>>>>>>>>>>>>>>>>>>>>>>>>>>>>>>>>>>>>>>>>>>>>>>>>>>>>>>>>>>>>
 _    _                           _     _
| |  | |                         (_)   | |
| |__| |_   _ _ __   ___ _ __ ___ _ ___| |_ ___ _ __   ___ ___
|  __  | | | | '_ \ / _ \ '__/ __| / __| __/ _ \ '_ \ / __/ _ \
| |  | | |_| | |_) |  __/ |  \__ \ \__ \ ||  __/ | | | (_|  __/
|_|  |_|\__, | .__/ \___|_|  |___/_|___/\__\___|_| |_|\___\___|
         __/ | |
        |___/|_|

At Hypersistence, we only build amazing tools, like Hibernate Types, Flexy Pool, or Hypersistence Optimizer.

What if there were a tool that could automatically detect JPA and Hibernate performance issues?

Hypersistence Optimizer is that tool! For more details, go to: 

https://vladmihalcea.com/hypersistence-optimizer/
<<<<<<<<<<<<<<<<<<<<<<<<<<<<<<<<<<<<<<<<<<<<<<<<<<<<<<<<<<<<<<<<

2022-05-10 13:07:40 - o.h.e.t.j.p.i.JtaPlatformInitiator - [34mINFO [0;39m - HHH000490: Using JtaPlatform implementation: [org.hibernate.engine.transaction.jta.platform.internal.NoJtaPlatform]
2022-05-10 13:07:40 - o.s.o.j.LocalContainerEntityManagerFactoryBean - [34mINFO [0;39m - Initialized JPA EntityManagerFactory for persistence unit 'default'
2022-05-10 13:07:40 - o.s.b.a.o.j.JpaBaseConfiguration$JpaWebConfiguration - [31mWARN [0;39m - spring.jpa.open-in-view is enabled by default. Therefore, database queries may be performed during view rendering. Explicitly configure spring.jpa.open-in-view to disable this warning
2022-05-10 13:07:41 - o.s.b.w.e.tomcat.TomcatWebServer - [34mINFO [0;39m - Tomcat started on port(s): 8080 (http) with context path ''
2022-05-10 13:07:41 - c.company.KunUzRepetitionApplication - [34mINFO [0;39m - Started KunUzRepetitionApplication in 5.455 seconds (JVM running for 6.494)
2022-05-10 13:08:47 - o.s.o.j.LocalContainerEntityManagerFactoryBean - [34mINFO [0;39m - Closing JPA EntityManagerFactory for persistence unit 'default'
2022-05-10 13:08:47 - com.zaxxer.hikari.HikariDataSource - [34mINFO [0;39m - HikariPool-1 - Shutdown initiated...
2022-05-10 13:08:47 - com.zaxxer.hikari.HikariDataSource - [34mINFO [0;39m - HikariPool-1 - Shutdown completed.
2022-05-10 13:09:07 - c.c.KunUzRepetitionApplicationTests - [34mINFO [0;39m - Starting KunUzRepetitionApplicationTests using Java 18 on DESKTOP-OGCJ8KA with PID 14496 (started by NURKEN in F:\java\kun_uz_repetition)
2022-05-10 13:09:07 - c.c.KunUzRepetitionApplicationTests - [39mDEBUG[0;39m - Running with Spring Boot v2.6.7, Spring v5.3.19
2022-05-10 13:09:07 - c.c.KunUzRepetitionApplicationTests - [34mINFO [0;39m - The following 1 profile is active: "dev"
2022-05-10 13:09:09 - o.s.d.r.c.RepositoryConfigurationDelegate - [34mINFO [0;39m - Bootstrapping Spring Data JPA repositories in DEFAULT mode.
2022-05-10 13:09:09 - o.s.d.r.c.RepositoryConfigurationDelegate - [34mINFO [0;39m - Finished Spring Data repository scanning in 121 ms. Found 10 JPA repository interfaces.
2022-05-10 13:09:10 - o.h.jpa.internal.util.LogHelper - [34mINFO [0;39m - HHH000204: Processing PersistenceUnitInfo [name: default]
2022-05-10 13:09:10 - org.hibernate.Version - [34mINFO [0;39m - HHH000412: Hibernate ORM core version 5.6.8.Final
2022-05-10 13:09:10 - o.h.annotations.common.Version - [34mINFO [0;39m - HCANN000001: Hibernate Commons Annotations {5.1.2.Final}
2022-05-10 13:09:10 - com.zaxxer.hikari.HikariDataSource - [34mINFO [0;39m - HikariPool-1 - Starting...
2022-05-10 13:09:11 - com.zaxxer.hikari.HikariDataSource - [34mINFO [0;39m - HikariPool-1 - Start completed.
2022-05-10 13:09:11 - org.hibernate.dialect.Dialect - [34mINFO [0;39m - HHH000400: Using dialect: org.hibernate.dialect.PostgreSQL10Dialect
2022-05-10 13:09:11 - Hibernate Types - [34mINFO [0;39m - This framework is proudly powered by:

>>>>>>>>>>>>>>>>>>>>>>>>>>>>>>>>>>>>>>>>>>>>>>>>>>>>>>>>>>>>>>>>
 _    _                           _     _
| |  | |                         (_)   | |
| |__| |_   _ _ __   ___ _ __ ___ _ ___| |_ ___ _ __   ___ ___
|  __  | | | | '_ \ / _ \ '__/ __| / __| __/ _ \ '_ \ / __/ _ \
| |  | | |_| | |_) |  __/ |  \__ \ \__ \ ||  __/ | | | (_|  __/
|_|  |_|\__, | .__/ \___|_|  |___/_|___/\__\___|_| |_|\___\___|
         __/ | |
        |___/|_|

At Hypersistence, we only build amazing tools, like Hibernate Types, Flexy Pool, or Hypersistence Optimizer.

What if there were a tool that could automatically detect JPA and Hibernate performance issues?

Hypersistence Optimizer is that tool! For more details, go to: 

https://vladmihalcea.com/hypersistence-optimizer/
<<<<<<<<<<<<<<<<<<<<<<<<<<<<<<<<<<<<<<<<<<<<<<<<<<<<<<<<<<<<<<<<

2022-05-10 13:09:13 - o.h.e.t.j.p.i.JtaPlatformInitiator - [34mINFO [0;39m - HHH000490: Using JtaPlatform implementation: [org.hibernate.engine.transaction.jta.platform.internal.NoJtaPlatform]
2022-05-10 13:09:13 - o.s.o.j.LocalContainerEntityManagerFactoryBean - [34mINFO [0;39m - Initialized JPA EntityManagerFactory for persistence unit 'default'
2022-05-10 13:09:15 - o.s.b.a.o.j.JpaBaseConfiguration$JpaWebConfiguration - [31mWARN [0;39m - spring.jpa.open-in-view is enabled by default. Therefore, database queries may be performed during view rendering. Explicitly configure spring.jpa.open-in-view to disable this warning
2022-05-10 13:09:16 - c.c.KunUzRepetitionApplicationTests - [34mINFO [0;39m - Started KunUzRepetitionApplicationTests in 8.926 seconds (JVM running for 10.454)
2022-05-10 13:09:16 - o.s.o.j.LocalContainerEntityManagerFactoryBean - [34mINFO [0;39m - Closing JPA EntityManagerFactory for persistence unit 'default'
2022-05-10 13:09:16 - com.zaxxer.hikari.HikariDataSource - [34mINFO [0;39m - HikariPool-1 - Shutdown initiated...
2022-05-10 13:09:16 - com.zaxxer.hikari.HikariDataSource - [34mINFO [0;39m - HikariPool-1 - Shutdown completed.
